This is XeTeX, Version 3.141592653-2.6-0.999994 (MiKTeX 22.3) (preloaded format=xelatex 2022.5.24)  24 AUG 2022 11:10
entering extended mode
 restricted \write18 enabled.
 %&-line parsing enabled.
**noterbook
(C:\Users\corcovilost\AppData\Local\Programs\MiKTeX 2.9\tex/latex/tools\X.tex
LaTeX2e <2021-11-15> patch level 1
L3 programming layer <2022-05-04>
! .
l.38   \batchmode \errmessage{}
                               \csname @@end\endcsname \end
This error message was generated by an \errmessage
command, so I can't give any explicit help.
Pretend that you're Hercule Poirot: Examine all clues,
and deduce the truth by order and method.

 ) 
Here is how much of TeX's memory you used:
 17 strings out of 412817
 348 string characters out of 2853477
 291396 words of memory out of 3000000
 20791 multiletter control sequences out of 15000+600000
 469259 words of font info for 28 fonts, out of 8000000 for 9000
 36 hyphenation exceptions out of 8191
 12i,0n,12p,89b,10s stack positions out of 10000i,1000n,20000p,200000b,80000s

No pages of output.
